

Processing WhurlsController#index (for 127.0.0.1 at 2010-09-01 10:30:05) [GET]
Rendering whurls/index
ERROR: compiling _run_erb_app47views47whurls47index46html46erb RAISED compile error
/Users/readwl/workspace/whurl/app/views/whurls/index.html.erb:3: syntax error, unexpected ')'
...( form_tag('/whurls') do |f| ).to_s); @output_buffer.concat ...
                              ^
/Users/readwl/workspace/whurl/app/views/whurls/index.html.erb:7: syntax error, unexpected kENSURE, expecting ')'
/Users/readwl/workspace/whurl/app/views/whurls/index.html.erb:9: syntax error, unexpected kEND, expecting ')'
Function body:           def _run_erb_app47views47whurls47index46html46erb(local_assigns)
            old_output_buffer = output_buffer;;@output_buffer = '';  __in_erb_template=true ; @output_buffer.concat "<h1>API Console</h1>\n<h2>Headers and Methods</h2>\n"

; @output_buffer.concat(( form_tag('/whurls') do |f| ).to_s); @output_buffer.concat "\n    "
; @output_buffer.concat(( select_tag("methods", "<option value='GET'>GET</option>") ).to_s); @output_buffer.concat "\n"
;  end ; @output_buffer.concat "\n<h2>Parameters and Values</h2>"
; @output_buffer
          ensure
            self.output_buffer = old_output_buffer
          end
Backtrace: /Users/readwl/workspace/whurl/app/views/whurls/index.html.erb:9:in `compile!'
/Library/Ruby/Gems/1.8/gems/actionpack-2.3.5/lib/action_view/renderable.rb:61:in `compile'
/Library/Ruby/Gems/1.8/gems/actionpack-2.3.5/lib/action_view/renderable.rb:28:in `render'
/Library/Ruby/Gems/1.8/gems/actionpack-2.3.5/lib/action_view/template.rb:205:in `render_template'
/Library/Ruby/Gems/1.8/gems/actionpack-2.3.5/lib/action_view/base.rb:265:in `render'
/Library/Ruby/Gems/1.8/gems/actionpack-2.3.5/lib/action_controller/base.rb:1250:in `render_for_file'
/Library/Ruby/Gems/1.8/gems/actionpack-2.3.5/lib/action_controller/base.rb:945:in `render_without_benchmark'
/Library/Ruby/Gems/1.8/gems/actionpack-2.3.5/lib/action_controller/benchmarking.rb:51:in `render'
/Library/Ruby/Gems/1.8/gems/activesupport-2.3.5/lib/active_support/core_ext/benchmark.rb:17:in `ms'
/System/Library/Frameworks/Ruby.framework/Versions/1.8/usr/lib/ruby/1.8/benchmark.rb:308:in `realtime'
/Library/Ruby/Gems/1.8/gems/activesupport-2.3.5/lib/active_support/core_ext/benchmark.rb:17:in `ms'
/Library/Ruby/Gems/1.8/gems/actionpack-2.3.5/lib/action_controller/benchmarking.rb:51:in `render'
/Library/Ruby/Gems/1.8/gems/actionpack-2.3.5/lib/action_controller/base.rb:1326:in `default_render'
/Library/Ruby/Gems/1.8/gems/actionpack-2.3.5/lib/action_controller/base.rb:1332:in `perform_action_without_filters'
/Library/Ruby/Gems/1.8/gems/actionpack-2.3.5/lib/action_controller/filters.rb:617:in `call_filters'
/Library/Ruby/Gems/1.8/gems/actionpack-2.3.5/lib/action_controller/filters.rb:610:in `perform_action_without_benchmark'
/Library/Ruby/Gems/1.8/gems/actionpack-2.3.5/lib/action_controller/benchmarking.rb:68:in `perform_action_without_rescue'
/Library/Ruby/Gems/1.8/gems/activesupport-2.3.5/lib/active_support/core_ext/benchmark.rb:17:in `ms'
/System/Library/Frameworks/Ruby.framework/Versions/1.8/usr/lib/ruby/1.8/benchmark.rb:308:in `realtime'
/Library/Ruby/Gems/1.8/gems/activesupport-2.3.5/lib/active_support/core_ext/benchmark.rb:17:in `ms'
/Library/Ruby/Gems/1.8/gems/actionpack-2.3.5/lib/action_controller/benchmarking.rb:68:in `perform_action_without_rescue'
/Library/Ruby/Gems/1.8/gems/actionpack-2.3.5/lib/action_controller/rescue.rb:160:in `perform_action_without_flash'
/Library/Ruby/Gems/1.8/gems/actionpack-2.3.5/lib/action_controller/flash.rb:146:in `perform_action'
/Library/Ruby/Gems/1.8/gems/actionpack-2.3.5/lib/action_controller/base.rb:532:in `send'
/Library/Ruby/Gems/1.8/gems/actionpack-2.3.5/lib/action_controller/base.rb:532:in `process_without_filters'
/Library/Ruby/Gems/1.8/gems/actionpack-2.3.5/lib/action_controller/filters.rb:606:in `process'
/Library/Ruby/Gems/1.8/gems/actionpack-2.3.5/lib/action_controller/base.rb:391:in `process'
/Library/Ruby/Gems/1.8/gems/actionpack-2.3.5/lib/action_controller/base.rb:386:in `call'
/Library/Ruby/Gems/1.8/gems/actionpack-2.3.5/lib/action_controller/routing/route_set.rb:437:in `call'
/Library/Ruby/Gems/1.8/gems/actionpack-2.3.5/lib/action_controller/dispatcher.rb:87:in `dispatch'
/Library/Ruby/Gems/1.8/gems/actionpack-2.3.5/lib/action_controller/dispatcher.rb:121:in `_call'
/Library/Ruby/Gems/1.8/gems/actionpack-2.3.5/lib/action_controller/dispatcher.rb:130:in `build_middleware_stack'
/Library/Ruby/Gems/1.8/gems/activerecord-2.3.5/lib/active_record/query_cache.rb:29:in `call'
/Library/Ruby/Gems/1.8/gems/activerecord-2.3.5/lib/active_record/query_cache.rb:29:in `call'
/Library/Ruby/Gems/1.8/gems/activerecord-2.3.5/lib/active_record/connection_adapters/abstract/query_cache.rb:34:in `cache'
/Library/Ruby/Gems/1.8/gems/activerecord-2.3.5/lib/active_record/query_cache.rb:9:in `cache'
/Library/Ruby/Gems/1.8/gems/activerecord-2.3.5/lib/active_record/query_cache.rb:28:in `call'
/Library/Ruby/Gems/1.8/gems/activerecord-2.3.5/lib/active_record/connection_adapters/abstract/connection_pool.rb:361:in `call'
/Library/Ruby/Gems/1.8/gems/actionpack-2.3.5/lib/action_controller/string_coercion.rb:25:in `call'
/Library/Ruby/Gems/1.8/gems/rack-1.0.1/lib/rack/head.rb:9:in `call'
/Library/Ruby/Gems/1.8/gems/rack-1.0.1/lib/rack/methodoverride.rb:24:in `call'
/Library/Ruby/Gems/1.8/gems/actionpack-2.3.5/lib/action_controller/params_parser.rb:15:in `call'
/Library/Ruby/Gems/1.8/gems/actionpack-2.3.5/lib/action_controller/session/cookie_store.rb:93:in `call'
/Library/Ruby/Gems/1.8/gems/actionpack-2.3.5/lib/action_controller/failsafe.rb:26:in `call'
/Library/Ruby/Gems/1.8/gems/rack-1.0.1/lib/rack/lock.rb:11:in `call'
/Library/Ruby/Gems/1.8/gems/rack-1.0.1/lib/rack/lock.rb:11:in `synchronize'
/Library/Ruby/Gems/1.8/gems/rack-1.0.1/lib/rack/lock.rb:11:in `call'
/Library/Ruby/Gems/1.8/gems/actionpack-2.3.5/lib/action_controller/dispatcher.rb:114:in `call'
/Library/Ruby/Gems/1.8/gems/actionpack-2.3.5/lib/action_controller/reloader.rb:34:in `run'
/Library/Ruby/Gems/1.8/gems/actionpack-2.3.5/lib/action_controller/dispatcher.rb:108:in `call'
/Library/Ruby/Gems/1.8/gems/rails-2.3.5/lib/rails/rack/static.rb:31:in `call'
/Library/Ruby/Gems/1.8/gems/rack-1.0.1/lib/rack/urlmap.rb:46:in `call'
/Library/Ruby/Gems/1.8/gems/rack-1.0.1/lib/rack/urlmap.rb:40:in `each'
/Library/Ruby/Gems/1.8/gems/rack-1.0.1/lib/rack/urlmap.rb:40:in `call'
/Library/Ruby/Gems/1.8/gems/rails-2.3.5/lib/rails/rack/log_tailer.rb:17:in `call'
/Library/Ruby/Gems/1.8/gems/rack-1.0.1/lib/rack/content_length.rb:13:in `call'
/Library/Ruby/Gems/1.8/gems/rack-1.0.1/lib/rack/chunked.rb:15:in `call'
/Library/Ruby/Gems/1.8/gems/rack-1.0.1/lib/rack/handler/mongrel.rb:64:in `process'
/System/Library/Frameworks/Ruby.framework/Versions/1.8/usr/lib/ruby/gems/1.8/gems/mongrel-1.1.5/lib/mongrel.rb:159:in `process_client'
/System/Library/Frameworks/Ruby.framework/Versions/1.8/usr/lib/ruby/gems/1.8/gems/mongrel-1.1.5/lib/mongrel.rb:158:in `each'
/System/Library/Frameworks/Ruby.framework/Versions/1.8/usr/lib/ruby/gems/1.8/gems/mongrel-1.1.5/lib/mongrel.rb:158:in `process_client'
/System/Library/Frameworks/Ruby.framework/Versions/1.8/usr/lib/ruby/gems/1.8/gems/mongrel-1.1.5/lib/mongrel.rb:285:in `run'
/System/Library/Frameworks/Ruby.framework/Versions/1.8/usr/lib/ruby/gems/1.8/gems/mongrel-1.1.5/lib/mongrel.rb:285:in `initialize'
/System/Library/Frameworks/Ruby.framework/Versions/1.8/usr/lib/ruby/gems/1.8/gems/mongrel-1.1.5/lib/mongrel.rb:285:in `new'
/System/Library/Frameworks/Ruby.framework/Versions/1.8/usr/lib/ruby/gems/1.8/gems/mongrel-1.1.5/lib/mongrel.rb:285:in `run'
/System/Library/Frameworks/Ruby.framework/Versions/1.8/usr/lib/ruby/gems/1.8/gems/mongrel-1.1.5/lib/mongrel.rb:268:in `initialize'
/System/Library/Frameworks/Ruby.framework/Versions/1.8/usr/lib/ruby/gems/1.8/gems/mongrel-1.1.5/lib/mongrel.rb:268:in `new'
/System/Library/Frameworks/Ruby.framework/Versions/1.8/usr/lib/ruby/gems/1.8/gems/mongrel-1.1.5/lib/mongrel.rb:268:in `run'
/Library/Ruby/Gems/1.8/gems/rack-1.0.1/lib/rack/handler/mongrel.rb:34:in `run'
/Library/Ruby/Gems/1.8/gems/rails-2.3.5/lib/commands/server.rb:111
/Library/Ruby/Site/1.8/rubygems/custom_require.rb:31:in `gem_original_require'
/Library/Ruby/Site/1.8/rubygems/custom_require.rb:31:in `require'
script/server:3

ActionView::TemplateError (compile error
/Users/readwl/workspace/whurl/app/views/whurls/index.html.erb:3: syntax error, unexpected ')'
...( form_tag('/whurls') do |f| ).to_s); @output_buffer.concat ...
                              ^
/Users/readwl/workspace/whurl/app/views/whurls/index.html.erb:7: syntax error, unexpected kENSURE, expecting ')'
/Users/readwl/workspace/whurl/app/views/whurls/index.html.erb:9: syntax error, unexpected kEND, expecting ')') on line #3 of app/views/whurls/index.html.erb:
1: <h1>API Console</h1>
2: <h2>Headers and Methods</h2>
3: <%= form_tag('/whurls') do |f| %>
4:     <%= select_tag("methods", "<option value='GET'>GET</option>") %>
5: <% end %>
6: <h2>Parameters and Values</h2>

    app/views/whurls/index.html.erb:9:in `compile!'

Rendered rescues/_trace (35.8ms)
Rendered rescues/_request_and_response (1.2ms)
Rendering rescues/layout (internal_server_error)


Processing WhurlsController#index (for 127.0.0.1 at 2010-09-01 10:30:22) [GET]
Rendering whurls/index
ERROR: compiling _run_erb_app47views47whurls47index46html46erb RAISED compile error
/Users/readwl/workspace/whurl/app/views/whurls/index.html.erb:3: syntax error, unexpected ')'
...cat(( form_tag('/whurls') do ).to_s); @output_buffer.concat ...
                              ^
/Users/readwl/workspace/whurl/app/views/whurls/index.html.erb:7: syntax error, unexpected kENSURE, expecting ')'
/Users/readwl/workspace/whurl/app/views/whurls/index.html.erb:9: syntax error, unexpected kEND, expecting ')'
Function body:           def _run_erb_app47views47whurls47index46html46erb(local_assigns)
            old_output_buffer = output_buffer;;@output_buffer = '';  __in_erb_template=true ; @output_buffer.concat "<h1>API Console</h1>\n<h2>Headers and Methods</h2>\n"

; @output_buffer.concat(( form_tag('/whurls') do ).to_s); @output_buffer.concat "\n    "
; @output_buffer.concat(( select_tag("methods", "<option value='GET'>GET</option>") ).to_s); @output_buffer.concat "\n"
;  end ; @output_buffer.concat "\n<h2>Parameters and Values</h2>"
; @output_buffer
          ensure
            self.output_buffer = old_output_buffer
          end
Backtrace: /Users/readwl/workspace/whurl/app/views/whurls/index.html.erb:9:in `compile!'
/Library/Ruby/Gems/1.8/gems/actionpack-2.3.5/lib/action_view/renderable.rb:61:in `compile'
/Library/Ruby/Gems/1.8/gems/actionpack-2.3.5/lib/action_view/renderable.rb:28:in `render'
/Library/Ruby/Gems/1.8/gems/actionpack-2.3.5/lib/action_view/template.rb:205:in `render_template'
/Library/Ruby/Gems/1.8/gems/actionpack-2.3.5/lib/action_view/base.rb:265:in `render'
/Library/Ruby/Gems/1.8/gems/actionpack-2.3.5/lib/action_controller/base.rb:1250:in `render_for_file'
/Library/Ruby/Gems/1.8/gems/actionpack-2.3.5/lib/action_controller/base.rb:945:in `render_without_benchmark'
/Library/Ruby/Gems/1.8/gems/actionpack-2.3.5/lib/action_controller/benchmarking.rb:51:in `render'
/Library/Ruby/Gems/1.8/gems/activesupport-2.3.5/lib/active_support/core_ext/benchmark.rb:17:in `ms'
/System/Library/Frameworks/Ruby.framework/Versions/1.8/usr/lib/ruby/1.8/benchmark.rb:308:in `realtime'
/Library/Ruby/Gems/1.8/gems/activesupport-2.3.5/lib/active_support/core_ext/benchmark.rb:17:in `ms'
/Library/Ruby/Gems/1.8/gems/actionpack-2.3.5/lib/action_controller/benchmarking.rb:51:in `render'
/Library/Ruby/Gems/1.8/gems/actionpack-2.3.5/lib/action_controller/base.rb:1326:in `default_render'
/Library/Ruby/Gems/1.8/gems/actionpack-2.3.5/lib/action_controller/base.rb:1332:in `perform_action_without_filters'
/Library/Ruby/Gems/1.8/gems/actionpack-2.3.5/lib/action_controller/filters.rb:617:in `call_filters'
/Library/Ruby/Gems/1.8/gems/actionpack-2.3.5/lib/action_controller/filters.rb:610:in `perform_action_without_benchmark'
/Library/Ruby/Gems/1.8/gems/actionpack-2.3.5/lib/action_controller/benchmarking.rb:68:in `perform_action_without_rescue'
/Library/Ruby/Gems/1.8/gems/activesupport-2.3.5/lib/active_support/core_ext/benchmark.rb:17:in `ms'
/System/Library/Frameworks/Ruby.framework/Versions/1.8/usr/lib/ruby/1.8/benchmark.rb:308:in `realtime'
/Library/Ruby/Gems/1.8/gems/activesupport-2.3.5/lib/active_support/core_ext/benchmark.rb:17:in `ms'
/Library/Ruby/Gems/1.8/gems/actionpack-2.3.5/lib/action_controller/benchmarking.rb:68:in `perform_action_without_rescue'
/Library/Ruby/Gems/1.8/gems/actionpack-2.3.5/lib/action_controller/rescue.rb:160:in `perform_action_without_flash'
/Library/Ruby/Gems/1.8/gems/actionpack-2.3.5/lib/action_controller/flash.rb:146:in `perform_action'
/Library/Ruby/Gems/1.8/gems/actionpack-2.3.5/lib/action_controller/base.rb:532:in `send'
/Library/Ruby/Gems/1.8/gems/actionpack-2.3.5/lib/action_controller/base.rb:532:in `process_without_filters'
/Library/Ruby/Gems/1.8/gems/actionpack-2.3.5/lib/action_controller/filters.rb:606:in `process'
/Library/Ruby/Gems/1.8/gems/actionpack-2.3.5/lib/action_controller/base.rb:391:in `process'
/Library/Ruby/Gems/1.8/gems/actionpack-2.3.5/lib/action_controller/base.rb:386:in `call'
/Library/Ruby/Gems/1.8/gems/actionpack-2.3.5/lib/action_controller/routing/route_set.rb:437:in `call'
/Library/Ruby/Gems/1.8/gems/actionpack-2.3.5/lib/action_controller/dispatcher.rb:87:in `dispatch'
/Library/Ruby/Gems/1.8/gems/actionpack-2.3.5/lib/action_controller/dispatcher.rb:121:in `_call'
/Library/Ruby/Gems/1.8/gems/actionpack-2.3.5/lib/action_controller/dispatcher.rb:130:in `build_middleware_stack'
/Library/Ruby/Gems/1.8/gems/activerecord-2.3.5/lib/active_record/query_cache.rb:29:in `call'
/Library/Ruby/Gems/1.8/gems/activerecord-2.3.5/lib/active_record/query_cache.rb:29:in `call'
/Library/Ruby/Gems/1.8/gems/activerecord-2.3.5/lib/active_record/connection_adapters/abstract/query_cache.rb:34:in `cache'
/Library/Ruby/Gems/1.8/gems/activerecord-2.3.5/lib/active_record/query_cache.rb:9:in `cache'
/Library/Ruby/Gems/1.8/gems/activerecord-2.3.5/lib/active_record/query_cache.rb:28:in `call'
/Library/Ruby/Gems/1.8/gems/activerecord-2.3.5/lib/active_record/connection_adapters/abstract/connection_pool.rb:361:in `call'
/Library/Ruby/Gems/1.8/gems/actionpack-2.3.5/lib/action_controller/string_coercion.rb:25:in `call'
/Library/Ruby/Gems/1.8/gems/rack-1.0.1/lib/rack/head.rb:9:in `call'
/Library/Ruby/Gems/1.8/gems/rack-1.0.1/lib/rack/methodoverride.rb:24:in `call'
/Library/Ruby/Gems/1.8/gems/actionpack-2.3.5/lib/action_controller/params_parser.rb:15:in `call'
/Library/Ruby/Gems/1.8/gems/actionpack-2.3.5/lib/action_controller/session/cookie_store.rb:93:in `call'
/Library/Ruby/Gems/1.8/gems/actionpack-2.3.5/lib/action_controller/failsafe.rb:26:in `call'
/Library/Ruby/Gems/1.8/gems/rack-1.0.1/lib/rack/lock.rb:11:in `call'
/Library/Ruby/Gems/1.8/gems/rack-1.0.1/lib/rack/lock.rb:11:in `synchronize'
/Library/Ruby/Gems/1.8/gems/rack-1.0.1/lib/rack/lock.rb:11:in `call'
/Library/Ruby/Gems/1.8/gems/actionpack-2.3.5/lib/action_controller/dispatcher.rb:114:in `call'
/Library/Ruby/Gems/1.8/gems/actionpack-2.3.5/lib/action_controller/reloader.rb:34:in `run'
/Library/Ruby/Gems/1.8/gems/actionpack-2.3.5/lib/action_controller/dispatcher.rb:108:in `call'
/Library/Ruby/Gems/1.8/gems/rails-2.3.5/lib/rails/rack/static.rb:31:in `call'
/Library/Ruby/Gems/1.8/gems/rack-1.0.1/lib/rack/urlmap.rb:46:in `call'
/Library/Ruby/Gems/1.8/gems/rack-1.0.1/lib/rack/urlmap.rb:40:in `each'
/Library/Ruby/Gems/1.8/gems/rack-1.0.1/lib/rack/urlmap.rb:40:in `call'
/Library/Ruby/Gems/1.8/gems/rails-2.3.5/lib/rails/rack/log_tailer.rb:17:in `call'
/Library/Ruby/Gems/1.8/gems/rack-1.0.1/lib/rack/content_length.rb:13:in `call'
/Library/Ruby/Gems/1.8/gems/rack-1.0.1/lib/rack/chunked.rb:15:in `call'
/Library/Ruby/Gems/1.8/gems/rack-1.0.1/lib/rack/handler/mongrel.rb:64:in `process'
/System/Library/Frameworks/Ruby.framework/Versions/1.8/usr/lib/ruby/gems/1.8/gems/mongrel-1.1.5/lib/mongrel.rb:159:in `process_client'
/System/Library/Frameworks/Ruby.framework/Versions/1.8/usr/lib/ruby/gems/1.8/gems/mongrel-1.1.5/lib/mongrel.rb:158:in `each'
/System/Library/Frameworks/Ruby.framework/Versions/1.8/usr/lib/ruby/gems/1.8/gems/mongrel-1.1.5/lib/mongrel.rb:158:in `process_client'
/System/Library/Frameworks/Ruby.framework/Versions/1.8/usr/lib/ruby/gems/1.8/gems/mongrel-1.1.5/lib/mongrel.rb:285:in `run'
/System/Library/Frameworks/Ruby.framework/Versions/1.8/usr/lib/ruby/gems/1.8/gems/mongrel-1.1.5/lib/mongrel.rb:285:in `initialize'
/System/Library/Frameworks/Ruby.framework/Versions/1.8/usr/lib/ruby/gems/1.8/gems/mongrel-1.1.5/lib/mongrel.rb:285:in `new'
/System/Library/Frameworks/Ruby.framework/Versions/1.8/usr/lib/ruby/gems/1.8/gems/mongrel-1.1.5/lib/mongrel.rb:285:in `run'
/System/Library/Frameworks/Ruby.framework/Versions/1.8/usr/lib/ruby/gems/1.8/gems/mongrel-1.1.5/lib/mongrel.rb:268:in `initialize'
/System/Library/Frameworks/Ruby.framework/Versions/1.8/usr/lib/ruby/gems/1.8/gems/mongrel-1.1.5/lib/mongrel.rb:268:in `new'
/System/Library/Frameworks/Ruby.framework/Versions/1.8/usr/lib/ruby/gems/1.8/gems/mongrel-1.1.5/lib/mongrel.rb:268:in `run'
/Library/Ruby/Gems/1.8/gems/rack-1.0.1/lib/rack/handler/mongrel.rb:34:in `run'
/Library/Ruby/Gems/1.8/gems/rails-2.3.5/lib/commands/server.rb:111
/Library/Ruby/Site/1.8/rubygems/custom_require.rb:31:in `gem_original_require'
/Library/Ruby/Site/1.8/rubygems/custom_require.rb:31:in `require'
script/server:3

ActionView::TemplateError (compile error
/Users/readwl/workspace/whurl/app/views/whurls/index.html.erb:3: syntax error, unexpected ')'
...cat(( form_tag('/whurls') do ).to_s); @output_buffer.concat ...
                              ^
/Users/readwl/workspace/whurl/app/views/whurls/index.html.erb:7: syntax error, unexpected kENSURE, expecting ')'
/Users/readwl/workspace/whurl/app/views/whurls/index.html.erb:9: syntax error, unexpected kEND, expecting ')') on line #3 of app/views/whurls/index.html.erb:
1: <h1>API Console</h1>
2: <h2>Headers and Methods</h2>
3: <%= form_tag('/whurls') do %>
4:     <%= select_tag("methods", "<option value='GET'>GET</option>") %>
5: <% end %>
6: <h2>Parameters and Values</h2>

    app/views/whurls/index.html.erb:9:in `compile!'

Rendered rescues/_trace (102.9ms)
Rendered rescues/_request_and_response (0.3ms)
Rendering rescues/layout (internal_server_error)


Processing WhurlsController#index (for 127.0.0.1 at 2010-09-01 10:30:29) [GET]
Rendering whurls/index
Completed in 127ms (View: 126, DB: 0) | 200 OK [http://localhost/whurls]


Processing WhurlsController#index (for 127.0.0.1 at 2010-09-01 10:31:24) [GET]
Rendering whurls/index

ActionView::TemplateError (wrong number of arguments (1 for 3)) on line #4 of app/views/whurls/index.html.erb:
1: <h1>API Console</h1>
2: <h2>Headers and Methods</h2>
3: <% form_tag('/whurls') do %>
4:     <%= select_tag("methods", options_from_collection_for_select(["GET", "POST", "PUT", "DELETE"])) %>
5: <% end %>
6: <h2>Parameters and Values</h2>

    app/views/whurls/index.html.erb:4:in `options_from_collection_for_select'
    app/views/whurls/index.html.erb:4
    app/views/whurls/index.html.erb:3

Rendered rescues/_trace (37.9ms)
Rendered rescues/_request_and_response (0.3ms)
Rendering rescues/layout (internal_server_error)


Processing ApplicationController#index (for 127.0.0.1 at 2010-09-01 10:32:38) [GET]

SyntaxError (/Users/readwl/workspace/whurl/app/controllers/whurls_controller.rb:8: syntax error, unexpected kEND, expecting ']'):
  

Rendered rescues/_trace (93.0ms)
Rendered rescues/_request_and_response (0.3ms)
Rendering rescues/layout (internal_server_error)


Processing WhurlsController#index (for 127.0.0.1 at 2010-09-01 10:32:43) [GET]
Rendering whurls/index

ActionView::TemplateError (wrong number of arguments (1 for 3)) on line #4 of app/views/whurls/index.html.erb:
1: <h1>API Console</h1>
2: <h2>Headers and Methods</h2>
3: <% form_tag('/whurls') do %>
4:     <%= select_tag("methods", options_from_collection_for_select(@methods)) %>
5: <% end %>
6: <h2>Parameters and Values</h2>

    app/views/whurls/index.html.erb:4:in `options_from_collection_for_select'
    app/views/whurls/index.html.erb:4
    app/views/whurls/index.html.erb:3

Rendered rescues/_trace (39.3ms)
Rendered rescues/_request_and_response (0.3ms)
Rendering rescues/layout (internal_server_error)


Processing WhurlsController#index (for 127.0.0.1 at 2010-09-01 10:33:01) [GET]
Rendering whurls/index
Completed in 6ms (View: 5, DB: 0) | 200 OK [http://localhost/whurls]


Processing WhurlsController#index (for 127.0.0.1 at 2010-09-01 10:34:05) [GET]
Rendering whurls/index

ActionView::TemplateError (You have a nil object when you didn't expect it!
You might have expected an instance of Array.
The error occurred while evaluating nil.inject) on line #5 of app/views/whurls/index.html.erb:
2: <h2>Headers and Methods</h2>
3: <% form_tag('/whurls') do %>
4:     <%= select_tag("method", options_for_select(@methods)) %> /
5:     <%= select_tag("url", options_for_select(@urls)) %>
6: <% end %>
7: <h2>Parameters and Values</h2>

    app/views/whurls/index.html.erb:5
    app/views/whurls/index.html.erb:3

Rendered rescues/_trace (39.3ms)
Rendered rescues/_request_and_response (0.3ms)
Rendering rescues/layout (internal_server_error)


Processing WhurlsController#index (for 127.0.0.1 at 2010-09-01 10:34:12) [GET]
Rendering whurls/index
Completed in 3ms (View: 2, DB: 0) | 200 OK [http://localhost/whurls]


Processing WhurlsController#index (for 127.0.0.1 at 2010-09-01 10:34:49) [GET]
Rendering whurls/index
Completed in 4ms (View: 2, DB: 0) | 200 OK [http://localhost/whurls]


Processing WhurlsController#index (for 127.0.0.1 at 2010-09-01 10:37:44) [GET]
Rendering whurls/index

ActionView::TemplateError (undefined method `input_tag' for #<ActionView::Base:0x1041c3590>) on line #8 of app/views/whurls/index.html.erb:
5:     <%= select_tag("url", options_for_select(@urls)) %>
6: <% end %>
7: <h2>Parameters and Values</h2>
8: <%= input_tag("param_keys[]") %>
9: <%= input_tag("param_values[]") %>

    app/views/whurls/index.html.erb:8

Rendered rescues/_trace (100.6ms)
Rendered rescues/_request_and_response (0.3ms)
Rendering rescues/layout (internal_server_error)


Processing WhurlsController#index (for 127.0.0.1 at 2010-09-01 10:38:20) [GET]
Rendering whurls/index
Completed in 7ms (View: 5, DB: 0) | 200 OK [http://localhost/whurls]


Processing WhurlsController#index (for 127.0.0.1 at 2010-09-01 10:40:55) [GET]
Rendering whurls/index
Completed in 7ms (View: 5, DB: 0) | 200 OK [http://localhost/whurls]


Processing WhurlsController#index (for 127.0.0.1 at 2010-09-01 10:41:22) [GET]
Rendering whurls/index
Completed in 7ms (View: 6, DB: 0) | 200 OK [http://localhost/whurls]


Processing WhurlsController#index (for 127.0.0.1 at 2010-09-01 10:45:26) [GET]
Rendering whurls/index
Completed in 7ms (View: 6, DB: 0) | 200 OK [http://localhost/whurls]


Processing WhurlsController#index (for 127.0.0.1 at 2010-09-01 10:45:48) [GET]
Rendering whurls/index
Completed in 5ms (View: 3, DB: 0) | 200 OK [http://localhost/whurls]


Processing WhurlsController#index (for 127.0.0.1 at 2010-09-01 10:46:31) [GET]
Rendering whurls/index
Completed in 7ms (View: 6, DB: 0) | 200 OK [http://localhost/whurls]


Processing WhurlsController#index (for 127.0.0.1 at 2010-09-01 10:51:46) [GET]
Rendering whurls/index
Completed in 7ms (View: 6, DB: 0) | 200 OK [http://localhost/whurls]


Processing WhurlsController#index (for 127.0.0.1 at 2010-09-01 10:53:30) [GET]
Rendering whurls/index
Completed in 7ms (View: 6, DB: 0) | 200 OK [http://localhost/whurls]
